<?xml version="1.0" encoding="UTF-8"?>
<testsuite xmlns:xsi="http://www.w3.org/2001/XMLSchema-instance" xsi:noNamespaceSchemaLocation="https://maven.apache.org/surefire/maven-surefire-plugin/xsd/surefire-test-report.xsd" name="patikadev.Add_Product_Test" time="26.918" tests="5" errors="0" skipped="0" failures="0">
  <properties>
[...]
</properties>
  <testcase name="search_product" classname="patikadev.Add_Product_Test" time="5.877"/>
  <testcase name="select_product" classname="patikadev.Add_Product_Test" time="5.935"/>
  <testcase name="add_product" classname="patikadev.Add_Product_Test" time="1.966"/>
  <testcase name="go_to_cart" classname="patikadev.Add_Product_Test" time="2.291"/>
  <testcase name="complete_shopping" classname="patikadev.Add_Product_Test" time="0.176"/>
</testsuite>